This file contains any messages produced by compilers while
running configure, to aid debugging if configure makes a mistake.

It was created by configure, which was
generated by GNU Autoconf 2.59.  Invocation command line was

  $ ./configure 

## --------- ##
## Platform. ##
## --------- ##

hostname = pphost
uname -m = i686
uname -r = 2.6.5-1.358
uname -s = Linux
uname -v = #1 Sat May 8 09:04:50 EDT 2004

/usr/bin/uname -p = unknown
/bin/uname -X     = unknown

/bin/arch              = i686
/usr/bin/arch -k       = unknown
/usr/convex/getsysinfo = unknown
hostinfo               = unknown
/bin/machine           = unknown
/usr/bin/oslevel       = unknown
/bin/universe          = unknown

PATH: /usr/kerberos/sbin
PATH: /usr/kerberos/bin
PATH: /usr/local/sbin
PATH: /usr/local/bin
PATH: /sbin
PATH: /bin
PATH: /usr/sbin
PATH: /usr/bin
PATH: /usr/X11R6/bin
PATH: /usr/NX/bin
PATH: /root/bin


## ----------- ##
## Core tests. ##
## ----------- ##

configure:1336: checking for gcc
configure:1352: found /usr/bin/gcc
configure:1362: result: gcc
configure:1606: checking for C compiler version
configure:1609: gcc --version </dev/null >&5
gcc (GCC) 3.3.3 20040412 (Red Hat Linux 3.3.3-7)
Copyright (C) 2003 Free Software Foundation, Inc.
This is free software; see the source for copying conditions.  There is NO
warranty; not even for MERCHANTABILITY or FITNESS FOR A PARTICULAR PURPOSE.

configure:1612: $? = 0
configure:1614: gcc -v </dev/null >&5
Reading specs from /usr/lib/gcc-lib/i386-redhat-linux/3.3.3/specs
Configured with: ../configure --prefix=/usr --mandir=/usr/share/man --infodir=/usr/share/info --enable-shared --enable-threads=posix --disable-checking --disable-libunwind-exceptions --with-system-zlib --enable-__cxa_atexit --host=i386-redhat-linux
Thread model: posix
gcc version 3.3.3 20040412 (Red Hat Linux 3.3.3-7)
configure:1617: $? = 0
configure:1619: gcc -V </dev/null >&5
gcc: `-V' option must have argument
configure:1622: $? = 1
configure:1645: checking for C compiler default output file name
configure:1648: gcc    conftest.c  >&5
configure:1651: $? = 0
configure:1697: result: a.out
configure:1702: checking whether the C compiler works
configure:1708: ./a.out
configure:1711: $? = 0
configure:1728: result: yes
configure:1735: checking whether we are cross compiling
configure:1737: result: no
configure:1740: checking for suffix of executables
configure:1742: gcc -o conftest    conftest.c  >&5
configure:1745: $? = 0
configure:1770: result: 
configure:1776: checking for suffix of object files
configure:1797: gcc -c   conftest.c >&5
configure:1800: $? = 0
configure:1822: result: o
configure:1826: checking whether we are using the GNU C compiler
configure:1850: gcc -c   conftest.c >&5
configure:1856: $? = 0
configure:1860: test -z 
			 || test ! -s conftest.err
configure:1863: $? = 0
configure:1866: test -s conftest.o
configure:1869: $? = 0
configure:1882: result: yes
configure:1888: checking whether gcc accepts -g
configure:1909: gcc -c -g  conftest.c >&5
configure:1915: $? = 0
configure:1919: test -z 
			 || test ! -s conftest.err
configure:1922: $? = 0
configure:1925: test -s conftest.o
configure:1928: $? = 0
configure:1939: result: yes
configure:1956: checking for gcc option to accept ANSI C
configure:2026: gcc  -c -g -O2  conftest.c >&5
configure:2032: $? = 0
configure:2036: test -z 
			 || test ! -s conftest.err
configure:2039: $? = 0
configure:2042: test -s conftest.o
configure:2045: $? = 0
configure:2063: result: none needed
configure:2081: gcc -c -g -O2  conftest.c >&5
conftest.c:2: error: syntax error before "me"
configure:2087: $? = 1
configure: failed program was:
| #ifndef __cplusplus
|   choke me
| #endif
configure:2258: checking for a BSD-compatible install
configure:2313: result: /usr/bin/install -c
configure:2327: checking for glib-config
configure:2343: found /usr/bin/glib-config
configure:2354: result: yes
configure:2375: checking how to run the C preprocessor
configure:2410: gcc -E -I/usr/include/glib-1.2 -I/usr/lib/glib/include conftest.c
configure:2416: $? = 0
configure:2448: gcc -E -I/usr/include/glib-1.2 -I/usr/lib/glib/include conftest.c
conftest.c:9:28: ac_nonexistent.h: No such file or directory
configure:2454: $? = 1
configure: failed program was:
| /* confdefs.h.  */
| 
| #define PACKAGE_NAME ""
| #define PACKAGE_TARNAME ""
| #define PACKAGE_VERSION ""
| #define PACKAGE_STRING ""
| #define PACKAGE_BUGREPORT ""
| /* end confdefs.h.  */
| #include <ac_nonexistent.h>
configure:2493: result: gcc -E
configure:2517: gcc -E -I/usr/include/glib-1.2 -I/usr/lib/glib/include conftest.c
configure:2523: $? = 0
configure:2555: gcc -E -I/usr/include/glib-1.2 -I/usr/lib/glib/include conftest.c
conftest.c:9:28: ac_nonexistent.h: No such file or directory
configure:2561: $? = 1
configure: failed program was:
| /* confdefs.h.  */
| 
| #define PACKAGE_NAME ""
| #define PACKAGE_TARNAME ""
| #define PACKAGE_VERSION ""
| #define PACKAGE_STRING ""
| #define PACKAGE_BUGREPORT ""
| /* end confdefs.h.  */
| #include <ac_nonexistent.h>
configure:2605: checking for egrep
configure:2615: result: grep -E
configure:2620: checking for ANSI C header files
configure:2645: gcc -c -g -O2 -I/usr/include/glib-1.2 -I/usr/lib/glib/include conftest.c >&5
configure:2651: $? = 0
configure:2655: test -z 
			 || test ! -s conftest.err
configure:2658: $? = 0
configure:2661: test -s conftest.o
configure:2664: $? = 0
configure:2750: gcc -o conftest -g -O2 -I/usr/include/glib-1.2 -I/usr/lib/glib/include  conftest.c  >&5
configure:2753: $? = 0
configure:2755: ./conftest
configure:2758: $? = 0
configure:2773: result: yes
configure:2797: checking for sys/types.h
configure:2813: gcc -c -g -O2 -I/usr/include/glib-1.2 -I/usr/lib/glib/include conftest.c >&5
configure:2819: $? = 0
configure:2823: test -z 
			 || test ! -s conftest.err
configure:2826: $? = 0
configure:2829: test -s conftest.o
configure:2832: $? = 0
configure:2843: result: yes
configure:2797: checking for sys/stat.h
configure:2813: gcc -c -g -O2 -I/usr/include/glib-1.2 -I/usr/lib/glib/include conftest.c >&5
configure:2819: $? = 0
configure:2823: test -z 
			 || test ! -s conftest.err
configure:2826: $? = 0
configure:2829: test -s conftest.o
configure:2832: $? = 0
configure:2843: result: yes
configure:2797: checking for stdlib.h
configure:2813: gcc -c -g -O2 -I/usr/include/glib-1.2 -I/usr/lib/glib/include conftest.c >&5
configure:2819: $? = 0
configure:2823: test -z 
			 || test ! -s conftest.err
configure:2826: $? = 0
configure:2829: test -s conftest.o
configure:2832: $? = 0
configure:2843: result: yes
configure:2797: checking for string.h
configure:2813: gcc -c -g -O2 -I/usr/include/glib-1.2 -I/usr/lib/glib/include conftest.c >&5
configure:2819: $? = 0
configure:2823: test -z 
			 || test ! -s conftest.err
configure:2826: $? = 0
configure:2829: test -s conftest.o
configure:2832: $? = 0
configure:2843: result: yes
configure:2797: checking for memory.h
configure:2813: gcc -c -g -O2 -I/usr/include/glib-1.2 -I/usr/lib/glib/include conftest.c >&5
configure:2819: $? = 0
configure:2823: test -z 
			 || test ! -s conftest.err
configure:2826: $? = 0
configure:2829: test -s conftest.o
configure:2832: $? = 0
configure:2843: result: yes
configure:2797: checking for strings.h
configure:2813: gcc -c -g -O2 -I/usr/include/glib-1.2 -I/usr/lib/glib/include conftest.c >&5
configure:2819: $? = 0
configure:2823: test -z 
			 || test ! -s conftest.err
configure:2826: $? = 0
configure:2829: test -s conftest.o
configure:2832: $? = 0
configure:2843: result: yes
configure:2797: checking for inttypes.h
configure:2813: gcc -c -g -O2 -I/usr/include/glib-1.2 -I/usr/lib/glib/include conftest.c >&5
configure:2819: $? = 0
configure:2823: test -z 
			 || test ! -s conftest.err
configure:2826: $? = 0
configure:2829: test -s conftest.o
configure:2832: $? = 0
configure:2843: result: yes
configure:2797: checking for stdint.h
configure:2813: gcc -c -g -O2 -I/usr/include/glib-1.2 -I/usr/lib/glib/include conftest.c >&5
configure:2819: $? = 0
configure:2823: test -z 
			 || test ! -s conftest.err
configure:2826: $? = 0
configure:2829: test -s conftest.o
configure:2832: $? = 0
configure:2843: result: yes
configure:2797: checking for unistd.h
configure:2813: gcc -c -g -O2 -I/usr/include/glib-1.2 -I/usr/lib/glib/include conftest.c >&5
configure:2819: $? = 0
configure:2823: test -z 
			 || test ! -s conftest.err
configure:2826: $? = 0
configure:2829: test -s conftest.o
configure:2832: $? = 0
configure:2843: result: yes
configure:2869: checking glib.h usability
configure:2881: gcc -c -g -O2 -I/usr/include/glib-1.2 -I/usr/lib/glib/include conftest.c >&5
configure:2887: $? = 0
configure:2891: test -z 
			 || test ! -s conftest.err
configure:2894: $? = 0
configure:2897: test -s conftest.o
configure:2900: $? = 0
configure:2910: result: yes
configure:2914: checking glib.h presence
configure:2924: gcc -E -I/usr/include/glib-1.2 -I/usr/lib/glib/include conftest.c
configure:2930: $? = 0
configure:2950: result: yes
configure:2985: checking for glib.h
configure:2992: result: yes
configure:3011: checking for g_list_alloc in -lglib
configure:3041: gcc -o conftest -g -O2   conftest.c -lglib   >&5
configure:3047: $? = 0
configure:3051: test -z 
			 || test ! -s conftest.err
configure:3054: $? = 0
configure:3057: test -s conftest
configure:3060: $? = 0
configure:3073: result: yes
configure:3104: checking zlib.h usability
configure:3116: gcc -c -g -O2  conftest.c >&5
configure:3122: $? = 0
configure:3126: test -z 
			 || test ! -s conftest.err
configure:3129: $? = 0
configure:3132: test -s conftest.o
configure:3135: $? = 0
configure:3145: result: yes
configure:3149: checking zlib.h presence
configure:3159: gcc -E  conftest.c
configure:3165: $? = 0
configure:3185: result: yes
configure:3220: checking for zlib.h
configure:3227: result: yes
configure:3245: checking for zlibVersion in -lz
configure:3275: gcc -o conftest -g -O2   conftest.c -lz  -lglib  >&5
configure:3281: $? = 0
configure:3285: test -z 
			 || test ! -s conftest.err
configure:3288: $? = 0
configure:3291: test -s conftest
configure:3294: $? = 0
configure:3307: result: yes
configure:3338: checking openssl/ssl.h usability
configure:3350: gcc -c -g -O2  conftest.c >&5
configure:3356: $? = 0
configure:3360: test -z 
			 || test ! -s conftest.err
configure:3363: $? = 0
configure:3366: test -s conftest.o
configure:3369: $? = 0
configure:3379: result: yes
configure:3383: checking openssl/ssl.h presence
configure:3393: gcc -E  conftest.c
configure:3399: $? = 0
configure:3419: result: yes
configure:3454: checking for openssl/ssl.h
configure:3461: result: yes
configure:3479: checking for BN_new in -lcrypto
configure:3509: gcc -o conftest -g -O2   conftest.c -lcrypto -L/usr/local/ssl/lib  -lz -lglib  >&5
configure:3515: $? = 0
configure:3519: test -z 
			 || test ! -s conftest.err
configure:3522: $? = 0
configure:3525: test -s conftest
configure:3528: $? = 0
configure:3541: result: yes
configure:3557: checking for ANSI C header files
configure:3710: result: yes
configure:3737: checking fcntl.h usability
configure:3749: gcc -c -g -O2  conftest.c >&5
configure:3755: $? = 0
configure:3759: test -z 
			 || test ! -s conftest.err
configure:3762: $? = 0
configure:3765: test -s conftest.o
configure:3768: $? = 0
configure:3778: result: yes
configure:3782: checking fcntl.h presence
configure:3792: gcc -E  conftest.c
configure:3798: $? = 0
configure:3818: result: yes
configure:3853: checking for fcntl.h
configure:3860: result: yes
configure:3737: checking sys/ioctl.h usability
configure:3749: gcc -c -g -O2  conftest.c >&5
configure:3755: $? = 0
configure:3759: test -z 
			 || test ! -s conftest.err
configure:3762: $? = 0
configure:3765: test -s conftest.o
configure:3768: $? = 0
configure:3778: result: yes
configure:3782: checking sys/ioctl.h presence
configure:3792: gcc -E  conftest.c
configure:3798: $? = 0
configure:3818: result: yes
configure:3853: checking for sys/ioctl.h
configure:3860: result: yes
configure:3737: checking syslog.h usability
configure:3749: gcc -c -g -O2  conftest.c >&5
configure:3755: $? = 0
configure:3759: test -z 
			 || test ! -s conftest.err
configure:3762: $? = 0
configure:3765: test -s conftest.o
configure:3768: $? = 0
configure:3778: result: yes
configure:3782: checking syslog.h presence
configure:3792: gcc -E  conftest.c
configure:3798: $? = 0
configure:3818: result: yes
configure:3853: checking for syslog.h
configure:3860: result: yes
configure:3728: checking for unistd.h
configure:3733: result: yes
configure:3874: checking for an ANSI C-conforming const
configure:3941: gcc -c -g -O2  conftest.c >&5
configure:3947: $? = 0
configure:3951: test -z 
			 || test ! -s conftest.err
configure:3954: $? = 0
configure:3957: test -s conftest.o
configure:3960: $? = 0
configure:3971: result: yes
configure:3981: checking for pid_t
configure:4005: gcc -c -g -O2  conftest.c >&5
configure:4011: $? = 0
configure:4015: test -z 
			 || test ! -s conftest.err
configure:4018: $? = 0
configure:4021: test -s conftest.o
configure:4024: $? = 0
configure:4035: result: yes
configure:4047: checking for size_t
configure:4071: gcc -c -g -O2  conftest.c >&5
configure:4077: $? = 0
configure:4081: test -z 
			 || test ! -s conftest.err
configure:4084: $? = 0
configure:4087: test -s conftest.o
configure:4090: $? = 0
configure:4101: result: yes
configure:4115: checking whether gcc needs -traditional
configure:4157: result: no
configure:4164: checking for working memcmp
configure:4212: gcc -o conftest -g -O2   conftest.c -lcrypto -lz -lglib  >&5
configure:4215: $? = 0
configure:4217: ./conftest
configure:4220: $? = 0
configure:4234: result: yes
configure:4245: checking return type of signal handlers
configure:4276: gcc -c -g -O2  conftest.c >&5
configure:4282: $? = 0
configure:4286: test -z 
			 || test ! -s conftest.err
configure:4289: $? = 0
configure:4292: test -s conftest.o
configure:4295: $? = 0
configure:4306: result: void
configure:4320: checking for socket
configure:4377: gcc -o conftest -g -O2   conftest.c -lcrypto -lz -lglib  >&5
configure:4383: $? = 0
configure:4387: test -z 
			 || test ! -s conftest.err
configure:4390: $? = 0
configure:4393: test -s conftest
configure:4396: $? = 0
configure:4408: result: yes
configure:4320: checking for strdup
configure:4377: gcc -o conftest -g -O2   conftest.c -lcrypto -lz -lglib  >&5
configure:4383: $? = 0
configure:4387: test -z 
			 || test ! -s conftest.err
configure:4390: $? = 0
configure:4393: test -s conftest
configure:4396: $? = 0
configure:4408: result: yes
configure:4320: checking for strerror
configure:4377: gcc -o conftest -g -O2   conftest.c -lcrypto -lz -lglib  >&5
configure:4383: $? = 0
configure:4387: test -z 
			 || test ! -s conftest.err
configure:4390: $? = 0
configure:4393: test -s conftest
configure:4396: $? = 0
configure:4408: result: yes
configure:4546: creating ./config.status

## ---------------------- ##
## Running config.status. ##
## ---------------------- ##

This file was extended by config.status, which was
generated by GNU Autoconf 2.59.  Invocation command line was

  CONFIG_FILES    = 
  CONFIG_HEADERS  = 
  CONFIG_LINKS    = 
  CONFIG_COMMANDS = 
  $ ./config.status 

on pphost

config.status:643: creating Makefile
config.status:643: creating src/Makefile.inc

## ---------------- ##
## Cache variables. ##
## ---------------- ##

ac_cv_c_compiler_gnu=yes
ac_cv_c_const=yes
ac_cv_env_CC_set=
ac_cv_env_CC_value=
ac_cv_env_CFLAGS_set=
ac_cv_env_CFLAGS_value=
ac_cv_env_CPPFLAGS_set=
ac_cv_env_CPPFLAGS_value=
ac_cv_env_CPP_set=
ac_cv_env_CPP_value=
ac_cv_env_LDFLAGS_set=
ac_cv_env_LDFLAGS_value=
ac_cv_env_build_alias_set=
ac_cv_env_build_alias_value=
ac_cv_env_host_alias_set=
ac_cv_env_host_alias_value=
ac_cv_env_target_alias_set=
ac_cv_env_target_alias_value=
ac_cv_exeext=
ac_cv_func_memcmp_working=yes
ac_cv_func_socket=yes
ac_cv_func_strdup=yes
ac_cv_func_strerror=yes
ac_cv_header_fcntl_h=yes
ac_cv_header_glib_h=yes
ac_cv_header_inttypes_h=yes
ac_cv_header_memory_h=yes
ac_cv_header_openssl_ssl_h=yes
ac_cv_header_stdc=yes
ac_cv_header_stdint_h=yes
ac_cv_header_stdlib_h=yes
ac_cv_header_string_h=yes
ac_cv_header_strings_h=yes
ac_cv_header_sys_ioctl_h=yes
ac_cv_header_sys_stat_h=yes
ac_cv_header_sys_types_h=yes
ac_cv_header_syslog_h=yes
ac_cv_header_unistd_h=yes
ac_cv_header_zlib_h=yes
ac_cv_lib_crypto_BN_new=yes
ac_cv_lib_glib_g_list_alloc=yes
ac_cv_lib_z_zlibVersion=yes
ac_cv_objext=o
ac_cv_path_install='/usr/bin/install -c'
ac_cv_prog_CPP='gcc -E'
ac_cv_prog_HAVE_GLIB_CONFIG=yes
ac_cv_prog_ac_ct_CC=gcc
ac_cv_prog_cc_g=yes
ac_cv_prog_cc_stdc=
ac_cv_prog_egrep='grep -E'
ac_cv_prog_gcc_traditional=no
ac_cv_type_pid_t=yes
ac_cv_type_signal=void
ac_cv_type_size_t=yes

## ----------------- ##
## Output variables. ##
## ----------------- ##

CC='gcc'
CFLAGS='-g -O2'
CPP='gcc -E'
CPPFLAGS=''
DEFS='-DPACKAGE_NAME=\"\" -DPACKAGE_TARNAME=\"\" -DPACKAGE_VERSION=\"\" -DPACKAGE_STRING=\"\" -DPACKAGE_BUGREPORT=\"\" -DSTDC_HEADERS=1 -DHAVE_SYS_TYPES_H=1 -DHAVE_SYS_STAT_H=1 -DHAVE_STDLIB_H=1 -DHAVE_STRING_H=1 -DHAVE_MEMORY_H=1 -DHAVE_STRINGS_H=1 -DHAVE_INTTYPES_H=1 -DHAVE_STDINT_H=1 -DHAVE_UNISTD_H=1 -DHAVE_GLIB_H=1 -DHAVE_LIBGLIB=1 -DHAVE_ZLIB_H=1 -DHAVE_LIBZ=1 -DHAVE_OPENSSL_SSL_H=1 -DHAVE_LIBCRYPTO=1 -DSTDC_HEADERS=1 -DHAVE_FCNTL_H=1 -DHAVE_SYS_IOCTL_H=1 -DHAVE_SYSLOG_H=1 -DHAVE_UNISTD_H=1 -DRETSIGTYPE=void -DHAVE_SOCKET=1 -DHAVE_STRDUP=1 -DHAVE_STRERROR=1 '
ECHO_C=''
ECHO_N='-n'
ECHO_T=''
EGREP='grep -E'
EXEEXT=''
HAVE_GLIB_CONFIG='yes'
INSTALL_DATA='${INSTALL} -m 644'
INSTALL_PROGRAM='${INSTALL}'
INSTALL_SCRIPT='${INSTALL}'
LDFLAGS=''
LIBOBJS=''
LIBS='-lcrypto -lz -lglib '
LTLIBOBJS=''
OBJEXT='o'
PACKAGE_BUGREPORT=''
PACKAGE_NAME=''
PACKAGE_STRING=''
PACKAGE_TARNAME=''
PACKAGE_VERSION=''
PATH_SEPARATOR=':'
SHELL='/bin/sh'
ac_ct_CC='gcc'
bindir='${exec_prefix}/bin'
build_alias=''
datadir='${prefix}/share'
exec_prefix='${prefix}'
host_alias=''
includedir='${prefix}/include'
infodir='${prefix}/info'
libdir='${exec_prefix}/lib'
libexecdir='${exec_prefix}/libexec'
localstatedir='${prefix}/var'
mandir='${prefix}/man'
oldincludedir='/usr/include'
prefix='/usr/local'
program_transform_name='s,x,x,'
sbindir='${exec_prefix}/sbin'
sharedstatedir='${prefix}/com'
sysconfdir='${prefix}/etc'
target_alias=''

## ----------- ##
## confdefs.h. ##
## ----------- ##

#define HAVE_FCNTL_H 1
#define HAVE_GLIB_H 1
#define HAVE_INTTYPES_H 1
#define HAVE_LIBCRYPTO 1
#define HAVE_LIBGLIB 1
#define HAVE_LIBZ 1
#define HAVE_MEMORY_H 1
#define HAVE_OPENSSL_SSL_H 1
#define HAVE_SOCKET 1
#define HAVE_STDINT_H 1
#define HAVE_STDLIB_H 1
#define HAVE_STRDUP 1
#define HAVE_STRERROR 1
#define HAVE_STRINGS_H 1
#define HAVE_STRING_H 1
#define HAVE_SYSLOG_H 1
#define HAVE_SYS_IOCTL_H 1
#define HAVE_SYS_STAT_H 1
#define HAVE_SYS_TYPES_H 1
#define HAVE_UNISTD_H 1
#define HAVE_UNISTD_H 1
#define HAVE_ZLIB_H 1
#define PACKAGE_BUGREPORT ""
#define PACKAGE_NAME ""
#define PACKAGE_STRING ""
#define PACKAGE_TARNAME ""
#define PACKAGE_VERSION ""
#define RETSIGTYPE void
#define STDC_HEADERS 1
#define STDC_HEADERS 1

configure: exit 0
